===-------------------------------------------------------------------------===
                              Register Allocation
===-------------------------------------------------------------------------===
  Total Execution Time: 0.0003 seconds (0.0003 wall clock)

   ---User Time---   --System Time--   --User+System--   ---Wall Time---  --- Name ---
   0.0002 ( 68.2%)   0.0000 ( 44.7%)   0.0002 ( 65.5%)   0.0002 ( 65.9%)  Global Splitting
   0.0000 ( 13.0%)   0.0000 ( 34.2%)   0.0001 ( 15.5%)   0.0000 ( 15.1%)  Evict
   0.0000 ( 14.4%)   0.0000 ( 15.8%)   0.0000 ( 14.5%)   0.0000 ( 13.6%)  Spiller
   0.0000 (  4.5%)   0.0000 (  5.3%)   0.0000 (  4.5%)   0.0000 (  5.4%)  Seed Live Regs
   0.0003 (100.0%)   0.0000 (100.0%)   0.0003 (100.0%)   0.0003 (100.0%)  Total

===-------------------------------------------------------------------------===
                      Instruction Selection and Scheduling
===-------------------------------------------------------------------------===
  Total Execution Time: 0.0057 seconds (0.0057 wall clock)

   ---User Time---   --System Time--   --User+System--   ---Wall Time---  --- Name ---
   0.0012 ( 22.5%)   0.0001 ( 14.4%)   0.0012 ( 21.7%)   0.0012 ( 21.8%)  Instruction Selection
   0.0010 ( 19.5%)   0.0002 ( 29.8%)   0.0012 ( 20.5%)   0.0012 ( 20.5%)  DAG Combining 1
   0.0009 ( 17.1%)   0.0001 ( 17.4%)   0.0010 ( 17.1%)   0.0010 ( 17.2%)  Instruction Scheduling
   0.0006 ( 11.3%)   0.0000 (  6.2%)   0.0006 ( 10.9%)   0.0006 ( 10.7%)  DAG Combining 2
   0.0006 ( 10.7%)   0.0001 (  9.7%)   0.0006 ( 10.6%)   0.0006 ( 10.5%)  Instruction Creation
   0.0004 (  7.1%)   0.0000 (  5.6%)   0.0004 (  7.0%)   0.0004 (  7.1%)  DAG Legalization
   0.0002 (  4.6%)   0.0000 (  5.2%)   0.0003 (  4.6%)   0.0003 (  4.6%)  Type Legalization
   0.0002 (  3.8%)   0.0000 (  2.6%)   0.0002 (  3.7%)   0.0002 (  3.7%)  DAG Combining after legalize types
   0.0001 (  2.4%)   0.0000 (  3.7%)   0.0001 (  2.5%)   0.0002 (  2.7%)  Instruction Scheduling Cleanup
   0.0000 (  0.9%)   0.0000 (  5.2%)   0.0001 (  1.3%)   0.0001 (  1.3%)  Vector Legalization
   0.0052 (100.0%)   0.0005 (100.0%)   0.0057 (100.0%)   0.0057 (100.0%)  Total

===-------------------------------------------------------------------------===
                                 DWARF Emission
===-------------------------------------------------------------------------===
  Total Execution Time: 0.0001 seconds (0.0001 wall clock)

   ---User Time---   --System Time--   --User+System--   ---Wall Time---  --- Name ---
   0.0001 ( 81.2%)   0.0000 ( 43.3%)   0.0001 ( 71.3%)   0.0001 ( 72.4%)  DWARF Exception Writer
   0.0000 ( 16.5%)   0.0000 ( 50.0%)   0.0000 ( 25.2%)   0.0000 ( 24.1%)  Debug Info Emission
   0.0000 (  2.4%)   0.0000 (  6.7%)   0.0000 (  3.5%)   0.0000 (  3.6%)  DWARF Debug Writer
   0.0001 (100.0%)   0.0000 (100.0%)   0.0001 (100.0%)   0.0001 (100.0%)  Total

===-------------------------------------------------------------------------===
                      ... Pass execution timing report ...
===-------------------------------------------------------------------------===
  Total Execution Time: 0.0633 seconds (0.0632 wall clock)

   ---User Time---   --System Time--   --User+System--   ---Wall Time---  --- Name ---
   0.0080 ( 14.5%)   0.0009 ( 11.4%)   0.0089 ( 14.1%)   0.0089 ( 14.1%)  X86 DAG->DAG Instruction Selection
   0.0032 (  5.8%)   0.0001 (  1.6%)   0.0033 (  5.3%)   0.0033 (  5.3%)  Function Integration/Inlining
   0.0022 (  4.0%)   0.0000 (  0.6%)   0.0022 (  3.5%)   0.0022 (  3.5%)  Combine redundant instructions
   0.0020 (  3.6%)   0.0001 (  1.0%)   0.0021 (  3.2%)   0.0020 (  3.2%)  Global Value Numbering
   0.0015 (  2.6%)   0.0001 (  1.6%)   0.0016 (  2.5%)   0.0016 (  2.5%)  Combine redundant instructions
   0.0012 (  2.1%)   0.0001 (  0.6%)   0.0012 (  1.9%)   0.0012 (  1.9%)  Combine redundant instructions
   0.0011 (  2.1%)   0.0001 (  0.9%)   0.0012 (  1.9%)   0.0012 (  1.9%)  Deduce function attributes
   0.0012 (  2.1%)   0.0000 (  0.6%)   0.0012 (  1.9%)   0.0012 (  1.9%)  Combine redundant instructions
   0.0011 (  2.1%)   0.0000 (  0.4%)   0.0012 (  1.9%)   0.0012 (  1.9%)  Combine redundant instructions
   0.0008 (  1.5%)   0.0002 (  2.6%)   0.0010 (  1.7%)   0.0011 (  1.7%)  Simplify the CFG
   0.0010 (  1.7%)   0.0001 (  0.9%)   0.0010 (  1.6%)   0.0010 (  1.6%)  SROA
   0.0009 (  1.7%)   0.0001 (  0.7%)   0.0010 (  1.5%)   0.0010 (  1.5%)  Early CSE w/ MemorySSA
   0.0009 (  1.7%)   0.0001 (  0.9%)   0.0010 (  1.6%)   0.0010 (  1.5%)  Memory SSA
   0.0008 (  1.5%)   0.0001 (  0.7%)   0.0009 (  1.4%)   0.0009 (  1.4%)  Value Propagation
   0.0008 (  1.4%)   0.0000 (  0.5%)   0.0008 (  1.3%)   0.0008 (  1.3%)  Value Propagation
   0.0007 (  1.3%)   0.0001 (  1.1%)   0.0008 (  1.2%)   0.0008 (  1.2%)  Greedy Register Allocator
   0.0007 (  1.2%)   0.0000 (  0.5%)   0.0007 (  1.2%)   0.0007 (  1.2%)  Dead Store Elimination
   0.0007 (  1.2%)   0.0000 (  0.2%)   0.0007 (  1.1%)   0.0007 (  1.1%)  Live Variable Analysis
   0.0006 (  1.2%)   0.0000 (  0.4%)   0.0007 (  1.1%)   0.0007 (  1.1%)  Machine Instruction Scheduler
   0.0006 (  1.0%)   0.0001 (  1.1%)   0.0006 (  1.0%)   0.0006 (  1.0%)  Early CSE
   0.0006 (  1.0%)   0.0000 (  0.0%)   0.0006 (  0.9%)   0.0006 (  0.9%)  Combine redundant instructions
   0.0006 (  1.0%)   0.0000 (  0.0%)   0.0006 (  0.9%)   0.0006 (  0.9%)  Combine redundant instructions
   0.0005 (  0.8%)   0.0001 (  0.7%)   0.0005 (  0.8%)   0.0005 (  0.8%)  X86 Assembly Printer
   0.0005 (  0.9%)   0.0000 (  0.0%)   0.0005 (  0.8%)   0.0005 (  0.8%)  Combine redundant instructions
   0.0004 (  0.8%)   0.0001 (  0.7%)   0.0005 (  0.8%)   0.0005 (  0.8%)  Aggressive Dead Code Elimination
   0.0004 (  0.7%)   0.0001 (  0.6%)   0.0005 (  0.7%)   0.0004 (  0.7%)  Post-Dominator Tree Construction
   0.0004 (  0.7%)   0.0001 (  0.6%)   0.0004 (  0.7%)   0.0004 (  0.7%)  Jump Threading
   0.0003 (  0.6%)   0.0001 (  0.8%)   0.0004 (  0.7%)   0.0004 (  0.6%)  Reassociate expressions
   0.0004 (  0.7%)   0.0000 (  0.3%)   0.0004 (  0.6%)   0.0004 (  0.6%)  Called Value Propagation
   0.0003 (  0.6%)   0.0000 (  0.5%)   0.0004 (  0.6%)   0.0004 (  0.6%)  Simplify the CFG
   0.0003 (  0.6%)   0.0001 (  0.8%)   0.0004 (  0.6%)   0.0004 (  0.6%)  Scalar Evolution Analysis
   0.0003 (  0.6%)   0.0000 (  0.5%)   0.0004 (  0.6%)   0.0004 (  0.6%)  Simplify the CFG
   0.0003 (  0.6%)   0.0000 (  0.5%)   0.0004 (  0.6%)   0.0004 (  0.6%)  Sparse Conditional Constant Propagation
   0.0003 (  0.6%)   0.0000 (  0.6%)   0.0004 (  0.6%)   0.0004 (  0.6%)  Block Frequency Analysis
   0.0003 (  0.6%)   0.0000 (  0.2%)   0.0003 (  0.5%)   0.0003 (  0.5%)  Live Interval Analysis
   0.0003 (  0.5%)   0.0001 (  0.6%)   0.0003 (  0.5%)   0.0003 (  0.5%)  Scalar Evolution Analysis
   0.0003 (  0.5%)   0.0000 (  0.5%)   0.0003 (  0.5%)   0.0003 (  0.5%)  Tail Call Elimination
   0.0003 (  0.5%)   0.0000 (  0.6%)   0.0003 (  0.5%)   0.0003 (  0.5%)  Simplify the CFG
   0.0003 (  0.5%)   0.0000 (  0.5%)   0.0003 (  0.5%)   0.0003 (  0.5%)  Simplify the CFG
   0.0003 (  0.5%)   0.0000 (  0.6%)   0.0003 (  0.5%)   0.0003 (  0.5%)  Jump Threading
   0.0003 (  0.5%)   0.0000 (  0.4%)   0.0003 (  0.5%)   0.0003 (  0.5%)  Scalar Evolution Analysis
   0.0003 (  0.5%)   0.0000 (  0.1%)   0.0003 (  0.5%)   0.0003 (  0.5%)  Machine Common Subexpression Elimination
   0.0002 (  0.4%)   0.0000 (  0.4%)   0.0003 (  0.4%)   0.0003 (  0.5%)  Dominator Tree Construction
   0.0002 (  0.4%)   0.0000 (  0.5%)   0.0003 (  0.4%)   0.0003 (  0.5%)  Bit-Tracking Dead Code Elimination
   0.0002 (  0.4%)   0.0000 (  0.5%)   0.0003 (  0.5%)   0.0003 (  0.5%)  Simplify the CFG
   0.0002 (  0.4%)   0.0001 (  0.6%)   0.0003 (  0.4%)   0.0003 (  0.4%)  Natural Loop Information
   0.0003 (  0.5%)   0.0000 (  0.2%)   0.0003 (  0.4%)   0.0003 (  0.4%)  Merge disjoint stack slots
   0.0002 (  0.4%)   0.0001 (  0.7%)   0.0003 (  0.4%)   0.0003 (  0.4%)  Function Alias Analysis Results
   0.0002 (  0.4%)   0.0000 (  0.5%)   0.0003 (  0.4%)   0.0003 (  0.4%)  Dominator Tree Construction
   0.0002 (  0.4%)   0.0000 (  0.4%)   0.0002 (  0.4%)   0.0003 (  0.4%)  Dominator Tree Construction
   0.0002 (  0.4%)   0.0000 (  0.5%)   0.0002 (  0.4%)   0.0003 (  0.4%)  Function Alias Analysis Results
   0.0002 (  0.3%)   0.0000 (  0.6%)   0.0002 (  0.4%)   0.0003 (  0.4%)  Branch Probability Analysis
   0.0002 (  0.4%)   0.0000 (  0.3%)   0.0003 (  0.4%)   0.0003 (  0.4%)  CodeGen Prepare
   0.0002 (  0.4%)   0.0000 (  0.5%)   0.0003 (  0.4%)   0.0003 (  0.4%)  Dominator Tree Construction
   0.0002 (  0.4%)   0.0000 (  0.4%)   0.0002 (  0.4%)   0.0003 (  0.4%)  Dominator Tree Construction
   0.0002 (  0.4%)   0.0000 (  0.4%)   0.0002 (  0.4%)   0.0002 (  0.4%)  Function Alias Analysis Results
   0.0002 (  0.4%)   0.0000 (  0.5%)   0.0002 (  0.4%)   0.0002 (  0.4%)  Dominator Tree Construction
   0.0002 (  0.4%)   0.0000 (  0.2%)   0.0003 (  0.4%)   0.0002 (  0.4%)  Simple Register Coalescing
   0.0002 (  0.4%)   0.0000 (  0.5%)   0.0003 (  0.4%)   0.0002 (  0.4%)  Dominator Tree Construction
   0.0002 (  0.4%)   0.0000 (  0.5%)   0.0002 (  0.4%)   0.0002 (  0.4%)  Function Alias Analysis Results
   0.0002 (  0.4%)   0.0000 (  0.4%)   0.0002 (  0.4%)   0.0002 (  0.4%)  Function Alias Analysis Results
   0.0002 (  0.4%)   0.0000 (  0.5%)   0.0002 (  0.4%)   0.0002 (  0.4%)  Function Alias Analysis Results
   0.0002 (  0.4%)   0.0000 (  0.6%)   0.0002 (  0.4%)   0.0002 (  0.4%)  Function Alias Analysis Results
   0.0002 (  0.4%)   0.0000 (  0.4%)   0.0002 (  0.4%)   0.0002 (  0.4%)  Function Alias Analysis Results
   0.0002 (  0.3%)   0.0000 (  0.5%)   0.0002 (  0.4%)   0.0002 (  0.4%)  Dominator Tree Construction
   0.0002 (  0.4%)   0.0000 (  0.5%)   0.0002 (  0.4%)   0.0002 (  0.4%)  Function Alias Analysis Results
   0.0002 (  0.4%)   0.0000 (  0.5%)   0.0002 (  0.4%)   0.0002 (  0.4%)  Function Alias Analysis Results
   0.0002 (  0.3%)   0.0000 (  0.6%)   0.0002 (  0.4%)   0.0002 (  0.4%)  Dominator Tree Construction
   0.0002 (  0.4%)   0.0000 (  0.6%)   0.0002 (  0.4%)   0.0002 (  0.4%)  Function Alias Analysis Results
   0.0002 (  0.4%)   0.0000 (  0.6%)   0.0002 (  0.4%)   0.0002 (  0.4%)  Function Alias Analysis Results
   0.0002 (  0.3%)   0.0000 (  0.4%)   0.0002 (  0.4%)   0.0002 (  0.4%)  SLP Vectorizer
   0.0002 (  0.3%)   0.0001 (  0.7%)   0.0002 (  0.4%)   0.0002 (  0.4%)  Natural Loop Information
   0.0002 (  0.3%)   0.0000 (  0.5%)   0.0002 (  0.4%)   0.0002 (  0.3%)  Natural Loop Information
   0.0002 (  0.3%)   0.0000 (  0.5%)   0.0002 (  0.3%)   0.0002 (  0.3%)  Dominator Tree Construction
   0.0002 (  0.3%)   0.0000 (  0.5%)   0.0002 (  0.3%)   0.0002 (  0.3%)  Function Alias Analysis Results
   0.0002 (  0.3%)   0.0000 (  0.5%)   0.0002 (  0.3%)   0.0002 (  0.3%)  Natural Loop Information
   0.0002 (  0.3%)   0.0000 (  0.6%)   0.0002 (  0.4%)   0.0002 (  0.3%)  Natural Loop Information
   0.0002 (  0.4%)   0.0000 (  0.1%)   0.0002 (  0.3%)   0.0002 (  0.3%)  Branch Probability Basic Block Placement
   0.0001 (  0.3%)   0.0000 (  0.5%)   0.0002 (  0.3%)   0.0002 (  0.3%)  Natural Loop Information
   0.0001 (  0.3%)   0.0000 (  0.4%)   0.0002 (  0.3%)   0.0002 (  0.3%)  Natural Loop Information
   0.0002 (  0.3%)   0.0000 (  0.5%)   0.0002 (  0.3%)   0.0002 (  0.3%)  Dominator Tree Construction
   0.0002 (  0.3%)   0.0000 (  0.4%)   0.0002 (  0.3%)   0.0002 (  0.3%)  SROA
   0.0002 (  0.3%)   0.0000 (  0.6%)   0.0002 (  0.3%)   0.0002 (  0.3%)  Natural Loop Information
   0.0001 (  0.3%)   0.0000 (  0.6%)   0.0002 (  0.3%)   0.0002 (  0.3%)  Natural Loop Information
   0.0001 (  0.3%)   0.0000 (  0.4%)   0.0002 (  0.3%)   0.0002 (  0.3%)  Dominator Tree Construction
   0.0002 (  0.3%)   0.0000 (  0.1%)   0.0002 (  0.3%)   0.0002 (  0.3%)  Machine code sinking
   0.0002 (  0.3%)   0.0000 (  0.1%)   0.0002 (  0.3%)   0.0002 (  0.3%)  Peephole Optimizations
   0.0002 (  0.3%)   0.0000 (  0.2%)   0.0002 (  0.3%)   0.0002 (  0.3%)  Prologue/Epilogue Insertion & Frame Finalization
   0.0001 (  0.2%)   0.0000 (  0.4%)   0.0001 (  0.2%)   0.0002 (  0.3%)  Lazy Value Information Analysis
   0.0001 (  0.2%)   0.0001 (  0.7%)   0.0002 (  0.2%)   0.0002 (  0.3%)  Remove unused exception handling info
   0.0001 (  0.2%)   0.0000 (  0.5%)   0.0002 (  0.2%)   0.0002 (  0.2%)  Lazy Value Information Analysis
   0.0001 (  0.2%)   0.0000 (  0.6%)   0.0002 (  0.2%)   0.0002 (  0.2%)  MemCpy Optimization
   0.0001 (  0.3%)   0.0000 (  0.2%)   0.0002 (  0.2%)   0.0002 (  0.2%)  Interprocedural Sparse Conditional Constant Propagation
   0.0001 (  0.2%)   0.0000 (  0.6%)   0.0002 (  0.2%)   0.0001 (  0.2%)  Speculatively execute instructions if target has divergent branches
   0.0001 (  0.2%)   0.0000 (  0.2%)   0.0001 (  0.2%)   0.0001 (  0.2%)  Two-Address instruction pass
   0.0001 (  0.2%)   0.0000 (  0.1%)   0.0001 (  0.2%)   0.0001 (  0.2%)  Control Flow Optimizer
   0.0001 (  0.2%)   0.0000 (  0.0%)   0.0001 (  0.2%)   0.0001 (  0.2%)  Remove redundant instructions
   0.0001 (  0.2%)   0.0000 (  0.0%)   0.0001 (  0.2%)   0.0001 (  0.2%)  Machine Copy Propagation Pass
   0.0001 (  0.2%)   0.0000 (  0.5%)   0.0001 (  0.2%)   0.0001 (  0.2%)  PGOMemOPSize
   0.0001 (  0.1%)   0.0001 (  0.6%)   0.0001 (  0.2%)   0.0001 (  0.2%)  Canonicalize natural loops
   0.0001 (  0.1%)   0.0000 (  0.6%)   0.0001 (  0.2%)   0.0001 (  0.2%)  Basic Alias Analysis (stateless AA impl)
   0.0001 (  0.2%)   0.0000 (  0.0%)   0.0001 (  0.2%)   0.0001 (  0.2%)  X86 Byte/Word Instruction Fixup
   0.0001 (  0.1%)   0.0001 (  0.6%)   0.0001 (  0.2%)   0.0001 (  0.2%)  Canonicalize natural loops
   0.0001 (  0.1%)   0.0000 (  0.5%)   0.0001 (  0.2%)   0.0001 (  0.2%)  Basic Alias Analysis (stateless AA impl)
   0.0001 (  0.1%)   0.0000 (  0.5%)   0.0001 (  0.2%)   0.0001 (  0.2%)  Basic Alias Analysis (stateless AA impl)
   0.0001 (  0.2%)   0.0000 (  0.5%)   0.0001 (  0.2%)   0.0001 (  0.2%)  MergedLoadStoreMotion
   0.0001 (  0.1%)   0.0000 (  0.6%)   0.0001 (  0.2%)   0.0001 (  0.2%)  Memory Dependence Analysis
   0.0001 (  0.1%)   0.0000 (  0.5%)   0.0001 (  0.2%)   0.0001 (  0.2%)  Lazy Branch Probability Analysis
   0.0001 (  0.1%)   0.0000 (  0.5%)   0.0001 (  0.2%)   0.0001 (  0.2%)  Lazy Value Information Analysis
   0.0001 (  0.1%)   0.0000 (  0.6%)   0.0001 (  0.2%)   0.0001 (  0.2%)  Basic Alias Analysis (stateless AA impl)
   0.0001 (  0.1%)   0.0000 (  0.4%)   0.0001 (  0.2%)   0.0001 (  0.2%)  Lazy Branch Probability Analysis
   0.0001 (  0.1%)   0.0000 (  0.4%)   0.0001 (  0.2%)   0.0001 (  0.2%)  Basic Alias Analysis (stateless AA impl)
   0.0001 (  0.1%)   0.0000 (  0.5%)   0.0001 (  0.2%)   0.0001 (  0.2%)  Basic Alias Analysis (stateless AA impl)
   0.0001 (  0.1%)   0.0000 (  0.5%)   0.0001 (  0.2%)   0.0001 (  0.2%)  Basic Alias Analysis (stateless AA impl)
   0.0001 (  0.1%)   0.0000 (  0.5%)   0.0001 (  0.2%)   0.0001 (  0.2%)  Canonicalize natural loops
   0.0001 (  0.1%)   0.0000 (  0.5%)   0.0001 (  0.2%)   0.0001 (  0.2%)  Basic Alias Analysis (stateless AA impl)
   0.0001 (  0.1%)   0.0000 (  0.5%)   0.0001 (  0.2%)   0.0001 (  0.2%)  Basic Alias Analysis (stateless AA impl)
   0.0001 (  0.1%)   0.0001 (  0.7%)   0.0001 (  0.2%)   0.0001 (  0.2%)  Promote 'by reference' arguments to scalars
   0.0000 (  0.1%)   0.0000 (  0.5%)   0.0001 (  0.1%)   0.0001 (  0.2%)  Loop-Closed SSA Form Pass
   0.0001 (  0.1%)   0.0000 (  0.5%)   0.0001 (  0.2%)   0.0001 (  0.2%)  Lazy Branch Probability Analysis
   0.0001 (  0.1%)   0.0000 (  0.5%)   0.0001 (  0.2%)   0.0001 (  0.2%)  Lazy Branch Probability Analysis
   0.0001 (  0.1%)   0.0000 (  0.6%)   0.0001 (  0.2%)   0.0001 (  0.2%)  Basic Alias Analysis (stateless AA impl)
   0.0001 (  0.1%)   0.0000 (  0.5%)   0.0001 (  0.2%)   0.0001 (  0.2%)  Conditionally eliminate dead library calls
   0.0001 (  0.1%)   0.0000 (  0.6%)   0.0001 (  0.2%)   0.0001 (  0.2%)  Memory Dependence Analysis
   0.0001 (  0.2%)   0.0000 (  0.0%)   0.0001 (  0.2%)   0.0001 (  0.2%)  Virtual Register Rewriter
   0.0001 (  0.2%)   0.0000 (  0.0%)   0.0001 (  0.2%)   0.0001 (  0.2%)  Live Range Shrink
   0.0001 (  0.1%)   0.0000 (  0.4%)   0.0001 (  0.1%)   0.0001 (  0.2%)  Globals Alias Analysis
   0.0001 (  0.1%)   0.0000 (  0.4%)   0.0001 (  0.2%)   0.0001 (  0.2%)  Basic Alias Analysis (stateless AA impl)
   0.0001 (  0.1%)   0.0001 (  0.7%)   0.0001 (  0.2%)   0.0001 (  0.2%)  Lazy Value Information Analysis
   0.0000 (  0.1%)   0.0000 (  0.6%)   0.0001 (  0.2%)   0.0001 (  0.2%)  Loop-Closed SSA Form Pass
   0.0001 (  0.1%)   0.0000 (  0.5%)   0.0001 (  0.1%)   0.0001 (  0.2%)  Lazy Branch Probability Analysis
   0.0000 (  0.1%)   0.0000 (  0.6%)   0.0001 (  0.2%)   0.0001 (  0.2%)  Demanded bits analysis
   0.0001 (  0.2%)   0.0000 (  0.1%)   0.0001 (  0.2%)   0.0001 (  0.2%)  X86 Execution Dependency Fix
   0.0001 (  0.2%)   0.0000 (  0.0%)   0.0001 (  0.1%)   0.0001 (  0.1%)  Global Variable Optimizer
   0.0001 (  0.1%)   0.0000 (  0.6%)   0.0001 (  0.2%)   0.0001 (  0.1%)  Lazy Branch Probability Analysis
   0.0001 (  0.1%)   0.0000 (  0.5%)   0.0001 (  0.1%)   0.0001 (  0.1%)  Lazy Branch Probability Analysis
   0.0000 (  0.1%)   0.0000 (  0.5%)   0.0001 (  0.1%)   0.0001 (  0.1%)  Lower 'expect' Intrinsics
   0.0000 (  0.1%)   0.0000 (  0.4%)   0.0001 (  0.1%)   0.0001 (  0.1%)  Optimization Remark Emitter
   0.0001 (  0.1%)   0.0000 (  0.5%)   0.0001 (  0.1%)   0.0001 (  0.1%)  Lazy Branch Probability Analysis
   0.0001 (  0.1%)   0.0000 (  0.5%)   0.0001 (  0.1%)   0.0001 (  0.1%)  Promote Memory to Register
   0.0000 (  0.1%)   0.0000 (  0.5%)   0.0001 (  0.1%)   0.0001 (  0.1%)  Optimization Remark Emitter
   0.0000 (  0.1%)   0.0000 (  0.6%)   0.0001 (  0.1%)   0.0001 (  0.1%)  Lazy Block Frequency Analysis
   0.0001 (  0.2%)   0.0000 (  0.1%)   0.0001 (  0.1%)   0.0001 (  0.1%)  Remove dead machine instructions
   0.0000 (  0.1%)   0.0000 (  0.5%)   0.0001 (  0.1%)   0.0001 (  0.1%)  Optimization Remark Emitter
   0.0000 (  0.1%)   0.0000 (  0.6%)   0.0001 (  0.1%)   0.0001 (  0.1%)  Memory Dependence Analysis
   0.0000 (  0.1%)   0.0000 (  0.6%)   0.0001 (  0.1%)   0.0001 (  0.1%)  Loop-Closed SSA Form Pass
   0.0000 (  0.1%)   0.0000 (  0.6%)   0.0001 (  0.1%)   0.0001 (  0.1%)  Optimization Remark Emitter
   0.0000 (  0.1%)   0.0000 (  0.5%)   0.0001 (  0.1%)   0.0001 (  0.1%)  Optimization Remark Emitter
   0.0000 (  0.0%)   0.0000 (  0.6%)   0.0001 (  0.1%)   0.0001 (  0.1%)  Lazy Block Frequency Analysis
   0.0000 (  0.1%)   0.0000 (  0.4%)   0.0001 (  0.1%)   0.0001 (  0.1%)  Optimization Remark Emitter
   0.0000 (  0.0%)   0.0000 (  0.4%)   0.0001 (  0.1%)   0.0001 (  0.1%)  LCSSA Verifier
   0.0000 (  0.1%)   0.0000 (  0.5%)   0.0001 (  0.1%)   0.0001 (  0.1%)  Optimization Remark Emitter
   0.0000 (  0.1%)   0.0000 (  0.5%)   0.0001 (  0.1%)   0.0001 (  0.1%)  Lazy Block Frequency Analysis
   0.0000 (  0.1%)   0.0001 (  0.6%)   0.0001 (  0.1%)   0.0001 (  0.1%)  Optimization Remark Emitter
   0.0000 (  0.1%)   0.0000 (  0.5%)   0.0001 (  0.1%)   0.0001 (  0.1%)  Lazy Block Frequency Analysis
   0.0000 (  0.1%)   0.0000 (  0.6%)   0.0001 (  0.1%)   0.0001 (  0.1%)  Lazy Block Frequency Analysis
   0.0001 (  0.1%)   0.0000 (  0.0%)   0.0001 (  0.1%)   0.0001 (  0.1%)  CallGraph Construction
   0.0001 (  0.1%)   0.0000 (  0.1%)   0.0001 (  0.1%)   0.0001 (  0.1%)  MachinePostDominator Tree Construction
   0.0000 (  0.1%)   0.0000 (  0.5%)   0.0001 (  0.1%)   0.0001 (  0.1%)  Lazy Block Frequency Analysis
   0.0000 (  0.1%)   0.0000 (  0.5%)   0.0001 (  0.1%)   0.0001 (  0.1%)  Lazy Block Frequency Analysis
   0.0001 (  0.1%)   0.0000 (  0.1%)   0.0001 (  0.1%)   0.0001 (  0.1%)  MachineDominator Tree Construction
   0.0001 (  0.1%)   0.0000 (  0.3%)   0.0001 (  0.1%)   0.0001 (  0.1%)  Slot index numbering
   0.0001 (  0.1%)   0.0000 (  0.0%)   0.0001 (  0.1%)   0.0001 (  0.1%)  Simplify the CFG more aggressively
   0.0001 (  0.1%)   0.0000 (  0.1%)   0.0001 (  0.1%)   0.0001 (  0.1%)  Global Variable Optimizer
   0.0001 (  0.1%)   0.0000 (  0.0%)   0.0001 (  0.1%)   0.0001 (  0.1%)  Insert stack protectors
   0.0000 (  0.1%)   0.0000 (  0.3%)   0.0001 (  0.1%)   0.0001 (  0.1%)  LCSSA Verifier
   0.0000 (  0.1%)   0.0000 (  0.5%)   0.0001 (  0.1%)   0.0001 (  0.1%)  Lazy Block Frequency Analysis
   0.0001 (  0.1%)   0.0000 (  0.2%)   0.0001 (  0.1%)   0.0001 (  0.1%)  Slot index numbering
   0.0000 (  0.1%)   0.0000 (  0.5%)   0.0001 (  0.1%)   0.0001 (  0.1%)  LCSSA Verifier
   0.0001 (  0.1%)   0.0000 (  0.0%)   0.0001 (  0.1%)   0.0001 (  0.1%)  Remove dead machine instructions
   0.0001 (  0.1%)   0.0000 (  0.0%)   0.0001 (  0.1%)   0.0001 (  0.1%)  MachinePostDominator Tree Construction
   0.0001 (  0.1%)   0.0000 (  0.0%)   0.0001 (  0.1%)   0.0001 (  0.1%)  Simplify the CFG
   0.0001 (  0.1%)   0.0000 (  0.0%)   0.0001 (  0.1%)   0.0001 (  0.1%)  MachineDominator Tree Construction
   0.0001 (  0.1%)   0.0000 (  0.0%)   0.0001 (  0.1%)   0.0001 (  0.1%)  X86 LEA Optimize
   0.0001 (  0.1%)   0.0000 (  0.1%)   0.0001 (  0.1%)   0.0001 (  0.1%)  Dominator Tree Construction
   0.0001 (  0.1%)   0.0000 (  0.0%)   0.0001 (  0.1%)   0.0001 (  0.1%)  MachinePostDominator Tree Construction
   0.0001 (  0.1%)   0.0000 (  0.1%)   0.0001 (  0.1%)   0.0001 (  0.1%)  Free MachineFunction
   0.0001 (  0.1%)   0.0000 (  0.0%)   0.0001 (  0.1%)   0.0001 (  0.1%)  MachineDominator Tree Construction
   0.0001 (  0.1%)   0.0000 (  0.0%)   0.0001 (  0.1%)   0.0001 (  0.1%)  MachineDominator Tree Construction
   0.0000 (  0.1%)   0.0000 (  0.0%)   0.0001 (  0.1%)   0.0001 (  0.1%)  Dominator Tree Construction
   0.0000 (  0.1%)   0.0000 (  0.0%)   0.0001 (  0.1%)   0.0001 (  0.1%)  MachineDominator Tree Construction
   0.0000 (  0.1%)   0.0000 (  0.0%)   0.0001 (  0.1%)   0.0001 (  0.1%)  Dominator Tree Construction
   0.0000 (  0.1%)   0.0000 (  0.0%)   0.0000 (  0.1%)   0.0001 (  0.1%)  Dominator Tree Construction
   0.0001 (  0.1%)   0.0000 (  0.0%)   0.0001 (  0.1%)   0.0001 (  0.1%)  MachineDominator Tree Construction
   0.0000 (  0.1%)   0.0000 (  0.0%)   0.0000 (  0.1%)   0.0001 (  0.1%)  Dominator Tree Construction
   0.0000 (  0.1%)   0.0000 (  0.0%)   0.0000 (  0.1%)   0.0000 (  0.1%)  MachineDominator Tree Construction
   0.0000 (  0.1%)   0.0000 (  0.1%)   0.0000 (  0.1%)   0.0000 (  0.1%)  Machine Block Frequency Analysis
   0.0000 (  0.1%)   0.0000 (  0.0%)   0.0000 (  0.1%)   0.0000 (  0.1%)  Dominator Tree Construction
   0.0000 (  0.1%)   0.0000 (  0.1%)   0.0001 (  0.1%)   0.0000 (  0.1%)  Dominator Tree Construction
   0.0000 (  0.1%)   0.0000 (  0.0%)   0.0000 (  0.1%)   0.0000 (  0.1%)  Dominator Tree Construction
   0.0000 (  0.1%)   0.0000 (  0.0%)   0.0000 (  0.1%)   0.0000 (  0.1%)  Dominator Tree Construction
   0.0000 (  0.1%)   0.0000 (  0.1%)   0.0000 (  0.1%)   0.0000 (  0.1%)  Machine InstCombiner
   0.0000 (  0.1%)   0.0000 (  0.1%)   0.0000 (  0.1%)   0.0000 (  0.1%)  Constant Hoisting
   0.0000 (  0.1%)   0.0000 (  0.0%)   0.0000 (  0.1%)   0.0000 (  0.1%)  Dead Argument Elimination
   0.0000 (  0.1%)   0.0000 (  0.1%)   0.0000 (  0.1%)   0.0000 (  0.1%)  Machine Block Frequency Analysis
   0.0000 (  0.1%)   0.0000 (  0.0%)   0.0000 (  0.1%)   0.0000 (  0.1%)  Branch Probability Analysis
   0.0000 (  0.1%)   0.0000 (  0.0%)   0.0000 (  0.1%)   0.0000 (  0.1%)  Block Frequency Analysis
   0.0000 (  0.1%)   0.0000 (  0.0%)   0.0000 (  0.1%)   0.0000 (  0.1%)  Branch Probability Analysis
   0.0000 (  0.1%)   0.0000 (  0.0%)   0.0000 (  0.1%)   0.0000 (  0.1%)  Block Frequency Analysis
   0.0000 (  0.1%)   0.0000 (  0.1%)   0.0000 (  0.1%)   0.0000 (  0.1%)  Machine Natural Loop Construction
   0.0000 (  0.1%)   0.0000 (  0.0%)   0.0000 (  0.1%)   0.0000 (  0.1%)  CallGraph Construction
   0.0000 (  0.1%)   0.0000 (  0.0%)   0.0000 (  0.1%)   0.0000 (  0.1%)  Machine Block Frequency Analysis
   0.0000 (  0.1%)   0.0000 (  0.0%)   0.0000 (  0.1%)   0.0000 (  0.1%)  Eliminate PHI nodes for register allocation
   0.0000 (  0.1%)   0.0000 (  0.0%)   0.0000 (  0.1%)   0.0000 (  0.1%)  Machine Block Frequency Analysis
   0.0000 (  0.1%)   0.0000 (  0.0%)   0.0000 (  0.1%)   0.0000 (  0.1%)  Block Frequency Analysis
   0.0000 (  0.1%)   0.0000 (  0.1%)   0.0000 (  0.1%)   0.0000 (  0.1%)  Infer set function attributes
   0.0000 (  0.1%)   0.0000 (  0.1%)   0.0000 (  0.1%)   0.0000 (  0.1%)  Dead Global Elimination
   0.0000 (  0.1%)   0.0000 (  0.0%)   0.0000 (  0.1%)   0.0000 (  0.1%)  Branch Probability Analysis
   0.0000 (  0.0%)   0.0000 (  0.1%)   0.0000 (  0.1%)   0.0000 (  0.1%)  X86 cmov Conversion
   0.0000 (  0.1%)   0.0000 (  0.0%)   0.0000 (  0.0%)   0.0000 (  0.1%)  Block Frequency Analysis
   0.0000 (  0.1%)   0.0000 (  0.0%)   0.0000 (  0.0%)   0.0000 (  0.1%)  Natural Loop Information
   0.0000 (  0.1%)   0.0000 (  0.1%)   0.0000 (  0.1%)   0.0000 (  0.1%)  Shrink Wrapping analysis
   0.0000 (  0.1%)   0.0000 (  0.0%)   0.0000 (  0.1%)   0.0000 (  0.0%)  Branch Probability Analysis
   0.0000 (  0.1%)   0.0000 (  0.0%)   0.0000 (  0.1%)   0.0000 (  0.0%)  CallGraph Construction
   0.0000 (  0.0%)   0.0000 (  0.1%)   0.0000 (  0.1%)   0.0000 (  0.0%)  Scalar Evolution Analysis
   0.0000 (  0.0%)   0.0000 (  0.0%)   0.0000 (  0.0%)   0.0000 (  0.0%)  Natural Loop Information
   0.0000 (  0.1%)   0.0000 (  0.0%)   0.0000 (  0.1%)   0.0000 (  0.0%)  Natural Loop Information
   0.0000 (  0.0%)   0.0000 (  0.0%)   0.0000 (  0.0%)   0.0000 (  0.0%)  Natural Loop Information
   0.0000 (  0.0%)   0.0000 (  0.0%)   0.0000 (  0.0%)   0.0000 (  0.0%)  Post-RA pseudo instruction expansion pass
   0.0000 (  0.1%)   0.0000 (  0.0%)   0.0000 (  0.1%)   0.0000 (  0.0%)  Exception handling preparation
   0.0000 (  0.0%)   0.0000 (  0.0%)   0.0000 (  0.0%)   0.0000 (  0.0%)  Machine Natural Loop Construction
   0.0000 (  0.0%)   0.0000 (  0.0%)   0.0000 (  0.0%)   0.0000 (  0.0%)  Machine Natural Loop Construction
   0.0000 (  0.0%)   0.0000 (  0.0%)   0.0000 (  0.0%)   0.0000 (  0.0%)  Natural Loop Information
   0.0000 (  0.0%)   0.0000 (  0.0%)   0.0000 (  0.0%)   0.0000 (  0.0%)  Machine Natural Loop Construction
   0.0000 (  0.0%)   0.0000 (  0.2%)   0.0000 (  0.0%)   0.0000 (  0.0%)  Live Register Matrix
   0.0000 (  0.0%)   0.0000 (  0.0%)   0.0000 (  0.0%)   0.0000 (  0.0%)  Stack Slot Coloring
   0.0000 (  0.0%)   0.0000 (  0.0%)   0.0000 (  0.0%)   0.0000 (  0.0%)  Branch Probability Analysis
   0.0000 (  0.0%)   0.0000 (  0.0%)   0.0000 (  0.0%)   0.0000 (  0.0%)  Remove unreachable machine basic blocks
   0.0000 (  0.0%)   0.0000 (  0.0%)   0.0000 (  0.0%)   0.0000 (  0.0%)  Natural Loop Information
   0.0000 (  0.0%)   0.0000 (  0.0%)   0.0000 (  0.0%)   0.0000 (  0.0%)  Machine Natural Loop Construction
   0.0000 (  0.0%)   0.0000 (  0.0%)   0.0000 (  0.0%)   0.0000 (  0.0%)  Machine Natural Loop Construction
   0.0000 (  0.0%)   0.0000 (  0.0%)   0.0000 (  0.0%)   0.0000 (  0.0%)  Remove unreachable blocks from the CFG
   0.0000 (  0.0%)   0.0000 (  0.0%)   0.0000 (  0.0%)   0.0000 (  0.0%)  Natural Loop Information
   0.0000 (  0.0%)   0.0000 (  0.1%)   0.0000 (  0.0%)   0.0000 (  0.0%)  Machine Natural Loop Construction
   0.0000 (  0.0%)   0.0000 (  0.1%)   0.0000 (  0.0%)   0.0000 (  0.0%)  Tail Duplication
   0.0000 (  0.0%)   0.0000 (  0.0%)   0.0000 (  0.0%)   0.0000 (  0.0%)  Partially inline calls to library functions
   0.0000 (  0.0%)   0.0000 (  0.0%)   0.0000 (  0.0%)   0.0000 (  0.0%)  Scalar Evolution Analysis
   0.0000 (  0.0%)   0.0000 (  0.1%)   0.0000 (  0.0%)   0.0000 (  0.0%)  Loop Vectorization
   0.0000 (  0.0%)   0.0000 (  0.0%)   0.0000 (  0.0%)   0.0000 (  0.0%)  Scalar Evolution Analysis
   0.0000 (  0.0%)   0.0000 (  0.0%)   0.0000 (  0.0%)   0.0000 (  0.0%)  Expand reduction intrinsics
   0.0000 (  0.0%)   0.0000 (  0.0%)   0.0000 (  0.0%)   0.0000 (  0.0%)  Dead Global Elimination
   0.0000 (  0.0%)   0.0000 (  0.1%)   0.0000 (  0.0%)   0.0000 (  0.0%)  Expand Atomic instructions
   0.0000 (  0.0%)   0.0000 (  0.0%)   0.0000 (  0.0%)   0.0000 (  0.0%)  Debug Variable Analysis
   0.0000 (  0.0%)   0.0000 (  0.0%)   0.0000 (  0.0%)   0.0000 (  0.0%)  Scalar Evolution Analysis
   0.0000 (  0.0%)   0.0000 (  0.1%)   0.0000 (  0.0%)   0.0000 (  0.0%)  Machine Trace Metrics
   0.0000 (  0.0%)   0.0000 (  0.0%)   0.0000 (  0.0%)   0.0000 (  0.0%)  Scalar Evolution Analysis
   0.0000 (  0.0%)   0.0000 (  0.1%)   0.0000 (  0.0%)   0.0000 (  0.0%)  Tail Duplication
   0.0000 (  0.0%)   0.0000 (  0.0%)   0.0000 (  0.0%)   0.0000 (  0.0%)  Function Alias Analysis Results
   0.0000 (  0.0%)   0.0000 (  0.0%)   0.0000 (  0.0%)   0.0000 (  0.0%)  Function Alias Analysis Results
   0.0000 (  0.0%)   0.0000 (  0.0%)   0.0000 (  0.0%)   0.0000 (  0.0%)  Scalar Evolution Analysis
   0.0000 (  0.0%)   0.0000 (  0.0%)   0.0000 (  0.0%)   0.0000 (  0.0%)  Hoist/decompose integer division and remainder
   0.0000 (  0.0%)   0.0000 (  0.0%)   0.0000 (  0.0%)   0.0000 (  0.0%)  Function Alias Analysis Results
   0.0000 (  0.0%)   0.0000 (  0.0%)   0.0000 (  0.0%)   0.0000 (  0.0%)  Globals Alias Analysis
   0.0000 (  0.0%)   0.0000 (  0.0%)   0.0000 (  0.0%)   0.0000 (  0.0%)  Interleaved Access Pass
   0.0000 (  0.0%)   0.0000 (  0.0%)   0.0000 (  0.0%)   0.0000 (  0.0%)  Function Alias Analysis Results
   0.0000 (  0.0%)   0.0000 (  0.0%)   0.0000 (  0.0%)   0.0000 (  0.0%)  Scalar Evolution Analysis
   0.0000 (  0.0%)   0.0000 (  0.0%)   0.0000 (  0.0%)   0.0000 (  0.0%)  Scalar Evolution Analysis
   0.0000 (  0.0%)   0.0000 (  0.0%)   0.0000 (  0.0%)   0.0000 (  0.0%)  Function Alias Analysis Results
   0.0000 (  0.0%)   0.0000 (  0.0%)   0.0000 (  0.0%)   0.0000 (  0.0%)  X86 pseudo instruction expansion pass
   0.0000 (  0.0%)   0.0000 (  0.0%)   0.0000 (  0.0%)   0.0000 (  0.0%)  Function Alias Analysis Results
   0.0000 (  0.0%)   0.0000 (  0.1%)   0.0000 (  0.0%)   0.0000 (  0.0%)  Float to int
   0.0000 (  0.0%)   0.0000 (  0.0%)   0.0000 (  0.0%)   0.0000 (  0.0%)  Expand ISel Pseudo-instructions
   0.0000 (  0.0%)   0.0000 (  0.0%)   0.0000 (  0.0%)   0.0000 (  0.0%)  Function Alias Analysis Results
   0.0000 (  0.0%)   0.0000 (  0.0%)   0.0000 (  0.0%)   0.0000 (  0.0%)  X86 Fixup SetCC
   0.0000 (  0.0%)   0.0000 (  0.0%)   0.0000 (  0.0%)   0.0000 (  0.0%)  Bundle Machine CFG Edges
   0.0000 (  0.0%)   0.0000 (  0.0%)   0.0000 (  0.0%)   0.0000 (  0.0%)  Spill Code Placement Analysis
   0.0000 (  0.0%)   0.0000 (  0.0%)   0.0000 (  0.0%)   0.0000 (  0.0%)  Bundle Machine CFG Edges
   0.0000 (  0.0%)   0.0000 (  0.0%)   0.0000 (  0.0%)   0.0000 (  0.0%)  Canonicalize natural loops
   0.0000 (  0.0%)   0.0000 (  0.0%)   0.0000 (  0.0%)   0.0000 (  0.0%)  Machine Loop Invariant Code Motion
   0.0000 (  0.0%)   0.0000 (  0.0%)   0.0000 (  0.0%)   0.0000 (  0.0%)  Scalarize Masked Memory Intrinsics
   0.0000 (  0.0%)   0.0000 (  0.0%)   0.0000 (  0.0%)   0.0000 (  0.0%)  Insert XRay ops
   0.0000 (  0.0%)   0.0000 (  0.0%)   0.0000 (  0.0%)   0.0000 (  0.0%)  Function Alias Analysis Results
   0.0000 (  0.0%)   0.0000 (  0.0%)   0.0000 (  0.0%)   0.0000 (  0.0%)  Basic Alias Analysis (stateless AA impl)
   0.0000 (  0.0%)   0.0000 (  0.0%)   0.0000 (  0.0%)   0.0000 (  0.0%)  Post RA top-down list latency scheduler
   0.0000 (  0.0%)   0.0000 (  0.1%)   0.0000 (  0.0%)   0.0000 (  0.0%)  Live Stack Slot Analysis
   0.0000 (  0.0%)   0.0000 (  0.0%)   0.0000 (  0.0%)   0.0000 (  0.0%)  Insert fentry calls
   0.0000 (  0.0%)   0.0000 (  0.0%)   0.0000 (  0.0%)   0.0000 (  0.0%)  Canonicalize natural loops
   0.0000 (  0.0%)   0.0000 (  0.0%)   0.0000 (  0.0%)   0.0000 (  0.0%)  Machine Loop Invariant Code Motion
   0.0000 (  0.0%)   0.0000 (  0.0%)   0.0000 (  0.0%)   0.0000 (  0.0%)  Process Implicit Definitions
   0.0000 (  0.0%)   0.0000 (  0.0%)   0.0000 (  0.0%)   0.0000 (  0.0%)  Detect Dead Lanes
   0.0000 (  0.0%)   0.0000 (  0.0%)   0.0000 (  0.0%)   0.0000 (  0.0%)  Local Stack Slot Allocation
   0.0000 (  0.0%)   0.0000 (  0.0%)   0.0000 (  0.0%)   0.0000 (  0.0%)  X86 FP Stackifier
   0.0000 (  0.0%)   0.0000 (  0.0%)   0.0000 (  0.0%)   0.0000 (  0.0%)  Optimize machine instruction PHIs
   0.0000 (  0.0%)   0.0000 (  0.0%)   0.0000 (  0.0%)   0.0000 (  0.0%)  Basic Alias Analysis (stateless AA impl)
   0.0000 (  0.0%)   0.0000 (  0.0%)   0.0000 (  0.0%)   0.0000 (  0.0%)  Deduce function attributes in RPO
   0.0000 (  0.0%)   0.0000 (  0.0%)   0.0000 (  0.0%)   0.0000 (  0.0%)  Optimization Remark Emitter
   0.0000 (  0.0%)   0.0000 (  0.0%)   0.0000 (  0.0%)   0.0000 (  0.0%)  X86 LEA Fixup
   0.0000 (  0.0%)   0.0000 (  0.0%)   0.0000 (  0.0%)   0.0000 (  0.0%)  Basic Alias Analysis (stateless AA impl)
   0.0000 (  0.0%)   0.0000 (  0.0%)   0.0000 (  0.0%)   0.0000 (  0.0%)  Alignment from assumptions
   0.0000 (  0.0%)   0.0000 (  0.0%)   0.0000 (  0.0%)   0.0000 (  0.0%)  Canonicalize natural loops
   0.0000 (  0.0%)   0.0000 (  0.0%)   0.0000 (  0.0%)   0.0000 (  0.0%)  Canonicalize natural loops
   0.0000 (  0.0%)   0.0000 (  0.0%)   0.0000 (  0.0%)   0.0000 (  0.0%)  Lazy Branch Probability Analysis
   0.0000 (  0.0%)   0.0000 (  0.0%)   0.0000 (  0.0%)   0.0000 (  0.0%)  Lazy Machine Block Frequency Analysis
   0.0000 (  0.0%)   0.0000 (  0.0%)   0.0000 (  0.0%)   0.0000 (  0.0%)  Machine Optimization Remark Emitter
   0.0000 (  0.0%)   0.0000 (  0.0%)   0.0000 (  0.0%)   0.0000 (  0.0%)  Optimization Remark Emitter
   0.0000 (  0.0%)   0.0000 (  0.0%)   0.0000 (  0.0%)   0.0000 (  0.0%)  ObjC ARC contraction
   0.0000 (  0.0%)   0.0000 (  0.0%)   0.0000 (  0.0%)   0.0000 (  0.0%)  Virtual Register Map
   0.0000 (  0.0%)   0.0000 (  0.0%)   0.0000 (  0.0%)   0.0000 (  0.0%)  Lazy Branch Probability Analysis
   0.0000 (  0.0%)   0.0000 (  0.0%)   0.0000 (  0.0%)   0.0000 (  0.0%)  Canonicalize natural loops
   0.0000 (  0.0%)   0.0000 (  0.0%)   0.0000 (  0.0%)   0.0000 (  0.0%)  X86 Domain Reassignment Pass
   0.0000 (  0.0%)   0.0000 (  0.0%)   0.0000 (  0.0%)   0.0000 (  0.0%)  Lower Garbage Collection Instructions
   0.0000 (  0.0%)   0.0000 (  0.0%)   0.0000 (  0.0%)   0.0000 (  0.0%)  Loop Access Analysis
   0.0000 (  0.0%)   0.0000 (  0.0%)   0.0000 (  0.0%)   0.0000 (  0.0%)  Lazy Branch Probability Analysis
   0.0000 (  0.0%)   0.0000 (  0.0%)   0.0000 (  0.0%)   0.0000 (  0.0%)  Early If-Conversion
   0.0000 (  0.0%)   0.0000 (  0.0%)   0.0000 (  0.0%)   0.0000 (  0.0%)  Loop Access Analysis
   0.0000 (  0.0%)   0.0000 (  0.0%)   0.0000 (  0.0%)   0.0000 (  0.0%)  Assumption Cache Tracker
   0.0000 (  0.0%)   0.0000 (  0.0%)   0.0000 (  0.0%)   0.0000 (  0.0%)  Demanded bits analysis
   0.0000 (  0.0%)   0.0000 (  0.0%)   0.0000 (  0.0%)   0.0000 (  0.0%)  X86 Atom pad short functions
   0.0000 (  0.0%)   0.0000 (  0.1%)   0.0000 (  0.0%)   0.0000 (  0.0%)  Optimization Remark Emitter
   0.0000 (  0.0%)   0.0000 (  0.0%)   0.0000 (  0.0%)   0.0000 (  0.0%)  X86 Optimize Call Frame
   0.0000 (  0.0%)   0.0000 (  0.0%)   0.0000 (  0.0%)   0.0000 (  0.0%)  Safe Stack instrumentation pass
   0.0000 (  0.0%)   0.0000 (  0.1%)   0.0000 (  0.0%)   0.0000 (  0.0%)  Rename Disconnected Subregister Components
   0.0000 (  0.0%)   0.0000 (  0.0%)   0.0000 (  0.0%)   0.0000 (  0.0%)  Machine Optimization Remark Emitter
   0.0000 (  0.0%)   0.0000 (  0.0%)   0.0000 (  0.0%)   0.0000 (  0.0%)  Machine Optimization Remark Emitter
   0.0000 (  0.0%)   0.0000 (  0.0%)   0.0000 (  0.0%)   0.0000 (  0.0%)  Basic Alias Analysis (stateless AA impl)
   0.0000 (  0.0%)   0.0000 (  0.0%)   0.0000 (  0.0%)   0.0000 (  0.0%)  Optimization Remark Emitter
   0.0000 (  0.0%)   0.0000 (  0.0%)   0.0000 (  0.0%)   0.0000 (  0.0%)  Lazy Branch Probability Analysis
   0.0000 (  0.0%)   0.0000 (  0.0%)   0.0000 (  0.0%)   0.0000 (  0.0%)  Eliminate Available Externally Globals
   0.0000 (  0.0%)   0.0000 (  0.1%)   0.0000 (  0.0%)   0.0000 (  0.0%)  Basic Alias Analysis (stateless AA impl)
   0.0000 (  0.0%)   0.0000 (  0.0%)   0.0000 (  0.0%)   0.0000 (  0.0%)  Canonicalize natural loops
   0.0000 (  0.0%)   0.0000 (  0.0%)   0.0000 (  0.0%)   0.0000 (  0.0%)  X86 WinAlloca Expander
   0.0000 (  0.0%)   0.0000 (  0.0%)   0.0000 (  0.0%)   0.0000 (  0.0%)  Loop-Closed SSA Form Pass
   0.0000 (  0.0%)   0.0000 (  0.0%)   0.0000 (  0.0%)   0.0000 (  0.0%)  Basic Alias Analysis (stateless AA impl)
   0.0000 (  0.0%)   0.0000 (  0.0%)   0.0000 (  0.0%)   0.0000 (  0.0%)  Merge Duplicate Global Constants
   0.0000 (  0.0%)   0.0000 (  0.0%)   0.0000 (  0.0%)   0.0000 (  0.0%)  X86 PIC Global Base Reg Initialization
   0.0000 (  0.0%)   0.0000 (  0.0%)   0.0000 (  0.0%)   0.0000 (  0.0%)  Inserts calls to mcount-like functions
   0.0000 (  0.0%)   0.0000 (  0.0%)   0.0000 (  0.0%)   0.0000 (  0.0%)  Basic Alias Analysis (stateless AA impl)
   0.0000 (  0.0%)   0.0000 (  0.0%)   0.0000 (  0.0%)   0.0000 (  0.0%)  Loop-Closed SSA Form Pass
   0.0000 (  0.0%)   0.0000 (  0.0%)   0.0000 (  0.0%)   0.0000 (  0.0%)  LCSSA Verifier
   0.0000 (  0.0%)   0.0000 (  0.0%)   0.0000 (  0.0%)   0.0000 (  0.0%)  Demanded bits analysis
   0.0000 (  0.0%)   0.0000 (  0.0%)   0.0000 (  0.0%)   0.0000 (  0.0%)  Basic Alias Analysis (stateless AA impl)
   0.0000 (  0.0%)   0.0000 (  0.0%)   0.0000 (  0.0%)   0.0000 (  0.0%)  Lazy Branch Probability Analysis
   0.0000 (  0.0%)   0.0000 (  0.0%)   0.0000 (  0.0%)   0.0000 (  0.0%)  Loop Distribution
   0.0000 (  0.0%)   0.0000 (  0.0%)   0.0000 (  0.0%)   0.0000 (  0.0%)  Analyze Machine Code For Garbage Collection
   0.0000 (  0.0%)   0.0000 (  0.0%)   0.0000 (  0.0%)   0.0000 (  0.0%)  X86 vzeroupper inserter
   0.0000 (  0.0%)   0.0000 (  0.0%)   0.0000 (  0.0%)   0.0000 (  0.0%)  Loop-Closed SSA Form Pass
   0.0000 (  0.0%)   0.0000 (  0.0%)   0.0000 (  0.0%)   0.0000 (  0.0%)  Optimization Remark Emitter
   0.0000 (  0.0%)   0.0000 (  0.0%)   0.0000 (  0.0%)   0.0000 (  0.0%)  Lazy Block Frequency Analysis
   0.0000 (  0.0%)   0.0000 (  0.0%)   0.0000 (  0.0%)   0.0000 (  0.0%)  Shadow Stack GC Lowering
   0.0000 (  0.0%)   0.0000 (  0.1%)   0.0000 (  0.0%)   0.0000 (  0.0%)  Lazy Block Frequency Analysis
   0.0000 (  0.0%)   0.0000 (  0.0%)   0.0000 (  0.0%)   0.0000 (  0.0%)  Lazy Block Frequency Analysis
   0.0000 (  0.0%)   0.0000 (  0.0%)   0.0000 (  0.0%)   0.0000 (  0.0%)  Loop Load Elimination
   0.0000 (  0.0%)   0.0000 (  0.0%)   0.0000 (  0.0%)   0.0000 (  0.0%)  Loop Access Analysis
   0.0000 (  0.0%)   0.0000 (  0.0%)   0.0000 (  0.0%)   0.0000 (  0.0%)  Pre-ISel Intrinsic Lowering
   0.0000 (  0.0%)   0.0000 (  0.0%)   0.0000 (  0.0%)   0.0000 (  0.0%)  Implement the 'patchable-function' attribute
   0.0000 (  0.0%)   0.0000 (  0.0%)   0.0000 (  0.0%)   0.0000 (  0.0%)  Lazy Machine Block Frequency Analysis
   0.0000 (  0.0%)   0.0000 (  0.0%)   0.0000 (  0.0%)   0.0000 (  0.0%)  LCSSA Verifier
   0.0000 (  0.0%)   0.0000 (  0.0%)   0.0000 (  0.0%)   0.0000 (  0.0%)  Lazy Branch Probability Analysis
   0.0000 (  0.0%)   0.0000 (  0.0%)   0.0000 (  0.0%)   0.0000 (  0.0%)  Lazy Block Frequency Analysis
   0.0000 (  0.0%)   0.0000 (  0.0%)   0.0000 (  0.0%)   0.0000 (  0.0%)  Lazy Machine Block Frequency Analysis
   0.0000 (  0.0%)   0.0000 (  0.0%)   0.0000 (  0.0%)   0.0000 (  0.0%)  Lazy Block Frequency Analysis
   0.0000 (  0.0%)   0.0000 (  0.0%)   0.0000 (  0.0%)   0.0000 (  0.0%)  Contiguously Lay Out Funclets
   0.0000 (  0.0%)   0.0000 (  0.0%)   0.0000 (  0.0%)   0.0000 (  0.0%)  Compressing EVEX instrs to VEX encoding when possible
   0.0000 (  0.0%)   0.0000 (  0.0%)   0.0000 (  0.0%)   0.0000 (  0.0%)  Optimization Remark Emitter
   0.0000 (  0.0%)   0.0000 (  0.0%)   0.0000 (  0.0%)   0.0000 (  0.0%)  Assumption Cache Tracker
   0.0000 (  0.0%)   0.0000 (  0.0%)   0.0000 (  0.0%)   0.0000 (  0.0%)  Optimization Remark Emitter
   0.0000 (  0.0%)   0.0000 (  0.0%)   0.0000 (  0.0%)   0.0000 (  0.0%)  Lazy Block Frequency Analysis
   0.0000 (  0.0%)   0.0000 (  0.0%)   0.0000 (  0.0%)   0.0000 (  0.0%)  LCSSA Verifier
   0.0000 (  0.0%)   0.0000 (  0.0%)   0.0000 (  0.0%)   0.0000 (  0.0%)  A No-Op Barrier Pass
   0.0000 (  0.0%)   0.0000 (  0.0%)   0.0000 (  0.0%)   0.0000 (  0.0%)  Loop-Closed SSA Form Pass
   0.0000 (  0.0%)   0.0000 (  0.0%)   0.0000 (  0.0%)   0.0000 (  0.0%)  Target Pass Configuration
   0.0000 (  0.0%)   0.0000 (  0.0%)   0.0000 (  0.0%)   0.0000 (  0.0%)  Target Transform Information
   0.0000 (  0.0%)   0.0000 (  0.0%)   0.0000 (  0.0%)   0.0000 (  0.0%)  Rewrite Symbols
   0.0000 (  0.0%)   0.0000 (  0.0%)   0.0000 (  0.0%)   0.0000 (  0.0%)  LCSSA Verifier
   0.0000 (  0.0%)   0.0000 (  0.0%)   0.0000 (  0.0%)   0.0000 (  0.0%)  Profile summary info
   0.0000 (  0.0%)   0.0000 (  0.0%)   0.0000 (  0.0%)   0.0000 (  0.0%)  StackMap Liveness Analysis
   0.0000 (  0.0%)   0.0000 (  0.0%)   0.0000 (  0.0%)   0.0000 (  0.0%)  Force set function attributes
   0.0000 (  0.0%)   0.0000 (  0.0%)   0.0000 (  0.0%)   0.0000 (  0.0%)  Live DEBUG_VALUE analysis
   0.0000 (  0.0%)   0.0000 (  0.0%)   0.0000 (  0.0%)   0.0000 (  0.0%)  Target Library Information
   0.0000 (  0.0%)   0.0000 (  0.0%)   0.0000 (  0.0%)   0.0000 (  0.0%)  Strip Unused Function Prototypes
   0.0000 (  0.0%)   0.0000 (  0.0%)   0.0000 (  0.0%)   0.0000 (  0.0%)  Target Library Information
   0.0000 (  0.0%)   0.0000 (  0.0%)   0.0000 (  0.0%)   0.0000 (  0.0%)  Scoped NoAlias Alias Analysis
   0.0000 (  0.0%)   0.0000 (  0.0%)   0.0000 (  0.0%)   0.0000 (  0.0%)  Scoped NoAlias Alias Analysis
   0.0000 (  0.0%)   0.0000 (  0.0%)   0.0000 (  0.0%)   0.0000 (  0.0%)  Machine Branch Probability Analysis
   0.0000 (  0.0%)   0.0000 (  0.0%)   0.0000 (  0.0%)   0.0000 (  0.0%)  Type-Based Alias Analysis
   0.0000 (  0.0%)   0.0000 (  0.0%)   0.0000 (  0.0%)   0.0000 (  0.0%)  Create Garbage Collector Module Metadata
   0.0000 (  0.0%)   0.0000 (  0.0%)   0.0000 (  0.0%)   0.0000 (  0.0%)  Profile summary info
   0.0000 (  0.0%)   0.0000 (  0.0%)   0.0000 (  0.0%)   0.0000 (  0.0%)  Machine Module Information
   0.0000 (  0.0%)   0.0000 (  0.0%)   0.0000 (  0.0%)   0.0000 (  0.0%)  Type-Based Alias Analysis
   0.0000 (  0.0%)   0.0000 (  0.0%)   0.0000 (  0.0%)   0.0000 (  0.0%)  Target Transform Information
   0.0550 (100.0%)   0.0083 (100.0%)   0.0633 (100.0%)   0.0632 (100.0%)  Total

===-------------------------------------------------------------------------===
                         Miscellaneous Ungrouped Timers
===-------------------------------------------------------------------------===

   ---User Time---   --System Time--   --User+System--   ---Wall Time---  --- Name ---
   0.2315 ( 73.3%)   0.0161 ( 38.1%)   0.2477 ( 69.1%)   0.2478 ( 68.8%)  Template Instantiation Time
   0.0683 ( 21.6%)   0.0153 ( 36.2%)   0.0837 ( 23.3%)   0.0837 ( 23.2%)  Code Generation Time
   0.0128 (  4.0%)   0.0015 (  3.5%)   0.0143 (  4.0%)   0.0144 (  4.0%)  LLVM IR Generation Time
   0.0034 (  1.1%)   0.0094 ( 22.2%)   0.0128 (  3.6%)   0.0141 (  3.9%)  Preprocessing
   0.3160 (100.0%)   0.0424 (100.0%)   0.3584 (100.0%)   0.3600 (100.0%)  Total

===-------------------------------------------------------------------------===
                          Clang front-end time report
===-------------------------------------------------------------------------===
  Total Execution Time: 0.9068 seconds (0.9077 wall clock)

   ---User Time---   --System Time--   --User+System--   ---Wall Time---  --- Name ---
   0.8392 (100.0%)   0.0676 (100.0%)   0.9068 (100.0%)   0.9077 (100.0%)  Clang front-end timer
   0.8392 (100.0%)   0.0676 (100.0%)   0.9068 (100.0%)   0.9077 (100.0%)  Total

